Determining if the pthread_create exist failed with the following output:
Change Dir: /home/user/workspace/zzz_perception/src/tools/tensorrt_cpp/trt_build/build/CMakeFiles/CMakeTmp

Run Build Command:"/usr/bin/make" "cmTC_cbf6e/fast"
/usr/bin/make -f CMakeFiles/cmTC_cbf6e.dir/build.make CMakeFiles/cmTC_cbf6e.dir/build
make[1]: 进入目录“/home/user/workspace/zzz_perception/src/tools/tensorrt_cpp/trt_build/build/CMakeFiles/CMakeTmp”
Building C object CMakeFiles/cmTC_cbf6e.dir/CheckSymbolExists.c.o
/usr/bin/cc   -fPIC    -o CMakeFiles/cmTC_cbf6e.dir/CheckSymbolExists.c.o   -c /home/user/workspace/zzz_perception/src/tools/tensorrt_cpp/trt_build/build/CMakeFiles/CMakeTmp/CheckSymbolExists.c
Linking C executable cmTC_cbf6e
/usr/bin/cmake -E cmake_link_script CMakeFiles/cmTC_cbf6e.dir/link.txt --verbose=1
/usr/bin/cc -fPIC     -rdynamic CMakeFiles/cmTC_cbf6e.dir/CheckSymbolExists.c.o  -o cmTC_cbf6e 
CMakeFiles/cmTC_cbf6e.dir/CheckSymbolExists.c.o：在函数‘main’中：
CheckSymbolExists.c:(.text+0x1b)：对‘pthread_create’未定义的引用
collect2: error: ld returned 1 exit status
CMakeFiles/cmTC_cbf6e.dir/build.make:97: recipe for target 'cmTC_cbf6e' failed
make[1]: *** [cmTC_cbf6e] Error 1
make[1]: 离开目录“/home/user/workspace/zzz_perception/src/tools/tensorrt_cpp/trt_build/build/CMakeFiles/CMakeTmp”
Makefile:126: recipe for target 'cmTC_cbf6e/fast' failed
make: *** [cmTC_cbf6e/fast] Error 2

File /home/user/workspace/zzz_perception/src/tools/tensorrt_cpp/trt_build/build/CMakeFiles/CMakeTmp/CheckSymbolExists.c:
/* */
#include <pthread.h>

int main(int argc, char** argv)
{
  (void)argv;
#ifndef pthread_create
  return ((int*)(&pthread_create))[argc];
#else
  (void)argc;
  return 0;
#endif
}

Determining if the function pthread_create exists in the pthreads failed with the following output:
Change Dir: /home/user/workspace/zzz_perception/src/tools/tensorrt_cpp/trt_build/build/CMakeFiles/CMakeTmp

Run Build Command:"/usr/bin/make" "cmTC_27b3b/fast"
/usr/bin/make -f CMakeFiles/cmTC_27b3b.dir/build.make CMakeFiles/cmTC_27b3b.dir/build
make[1]: 进入目录“/home/user/workspace/zzz_perception/src/tools/tensorrt_cpp/trt_build/build/CMakeFiles/CMakeTmp”
Building C object CMakeFiles/cmTC_27b3b.dir/CheckFunctionExists.c.o
/usr/bin/cc   -fPIC -DCHECK_FUNCTION_EXISTS=pthread_create   -o CMakeFiles/cmTC_27b3b.dir/CheckFunctionExists.c.o   -c /usr/share/cmake-3.10/Modules/CheckFunctionExists.c
Linking C executable cmTC_27b3b
/usr/bin/cmake -E cmake_link_script CMakeFiles/cmTC_27b3b.dir/link.txt --verbose=1
/usr/bin/cc -fPIC -DCHECK_FUNCTION_EXISTS=pthread_create    -rdynamic CMakeFiles/cmTC_27b3b.dir/CheckFunctionExists.c.o  -o cmTC_27b3b -lpthreads 
/usr/bin/ld: 找不到 -lpthreads
collect2: error: ld returned 1 exit status
CMakeFiles/cmTC_27b3b.dir/build.make:97: recipe for target 'cmTC_27b3b' failed
make[1]: *** [cmTC_27b3b] Error 1
make[1]: 离开目录“/home/user/workspace/zzz_perception/src/tools/tensorrt_cpp/trt_build/build/CMakeFiles/CMakeTmp”
Makefile:126: recipe for target 'cmTC_27b3b/fast' failed
make: *** [cmTC_27b3b/fast] Error 2


